Ashaab Alam:
    Not found
Keith E Baran:
    Not found
Satyam Mehta:
    Not found
Robert M Szymanski:
    Not found
Chern Y Chua:
    Not found
Daniel Lee Fischer:
    Not found
John Joseph Kuhn III:
    Not found
Arunan Bala Krishnan:
    Not found
Andrew Dennison Booth:
    {'adbooth': {'Department': 'Computer Engineering', 'Name': 'Andrew D Booth', 'UBIT': 'adbooth', 'Email': 'adbooth@buffalo.edu', 'Title': 'Student'}}
Nicholas Anthony Cellino:
    {'nacellin': {'Department': 'Computer Engineering', 'Name': 'Nicholas A Cellino', 'UBIT': 'nacellin', 'Email': 'nacellin@buffalo.edu', 'Title': 'Student'}}
Ava Chai:
    {'avachai': {'Department': 'Computer Engineering', 'UBIT': 'avachai', 'Name': 'Ava Chai', 'Email': 'avachai@buffalo.edu', 'Title': 'Student'}}
Yi Chen:
    Not found
Woo Suk Choi:
    {'woosukch': {'Department': 'Computer Engineering', 'Name': 'Woo Suk Choi', 'UBIT': 'woosukch', 'Email': 'woosukch@buffalo.edu', 'Title': 'Student'}}
William Joseph Clark:
    {'drewclar': {'Department': 'Computer Engineering', 'Name': 'Drew Clark', 'UBIT': 'drewclar', 'Email': 'drewclar@buffalo.edu', 'Title': 'President, Theta Tau'}, 'wjclark': {'Department': 'Computer Engineering', 'Name': 'William J Clark', 'UBIT': 'wjclark', 'Email': 'wjclark@buffalo.edu', 'Title': 'Student'}}
Robert DeBortoli:
    {'radebort': {'Department': 'Computer Engineering', 'Name': 'Robert DeBortoli', 'UBIT': 'radebort', 'Email': 'radebort@buffalo.edu', 'Title': 'Student'}}
Sameep Dhawan:
    {'sameepdh': {'Department': 'Computer Engineering', 'Name': 'Sameep Dhawan', 'UBIT': 'sameepdh', 'Email': 'sameepdh@buffalo.edu', 'Title': 'Student'}}
Kevin Liam Duggan:
    {'kevindug': {'Department': 'Computer Engineering', 'Name': 'Kevin L Duggan', 'UBIT': 'kevindug', 'Email': 'kevindug@buffalo.edu', 'Title': 'Student'}}
Zachary Benjamin Esmaelzada:
    {'zbesmael': {'Department': 'Computer Engineering', 'Name': 'Zachary B Esmaelzada', 'UBIT': 'zbesmael', 'Email': 'zbesmael@buffalo.edu', 'Title': 'Student'}}
Michael Robert Ferris:
    {'mrferris': {'Department': 'Computer Engineering', 'Name': 'Michael R Ferris', 'UBIT': 'mrferris', 'Email': 'mrferris@buffalo.edu', 'Title': 'Student'}}
Nolan Foster:
    {'nolanfos': {'Department': 'Computer Engineering', 'Name': 'Nolan Foster', 'UBIT': 'nolanfos', 'Email': 'nolanfos@buffalo.edu', 'Title': 'Student'}}
Korben Michael Rome Grover:
    Not found
Matthew Thomas Howard:
    {'mthoward': {'Department': 'Computer Engineering', 'Name': 'Matthew T Howard', 'UBIT': 'mthoward', 'Email': 'mthoward@buffalo.edu', 'Title': 'Student'}}
Kai Hsiang Hsu:
    {'khsu7': {'Department': 'Computer Engineering', 'Name': 'Kai Hsiang Hsu', 'UBIT': 'khsu7', 'Email': 'khsu7@buffalo.edu', 'Title': 'Student'}}
Zhen Rong Huang:
    Not found
Nathaniel Dean Hutchings:
    {'ndhutchi': {'Department': 'Computer Engineering', 'Name': 'Nathaniel D Hutchings', 'UBIT': 'ndhutchi', 'Email': 'ndhutchi@buffalo.edu', 'Title': 'Student'}}
Seongsu Kim:
    {'benkim': {'Department': 'Computer Engineering', 'Name': 'Ben Kim', 'UBIT': 'benkim', 'Email': 'benkim@buffalo.edu', 'Title': 'Student'}, 'seongsuk': {'Department': 'Computer Engineering', 'Name': 'Seongsu Kim', 'UBIT': 'seongsuk', 'Email': 'seongsuk@buffalo.edu', 'Title': 'Student'}, 'dkim39': {'Department': 'Computer Engineering', 'Name': 'Dongjun Kim', 'UBIT': 'dkim39', 'Email': 'dkim39@buffalo.edu', 'Title': 'Student'}}
James Andre Lacour:
    Not found
Ali Mahmoud:
Status code not 'OK', sleeping for 2 seconds
    {'alimahmo': {'Department': 'Computer Engineering', 'Name': 'Ali Mahmoud', 'UBIT': 'alimahmo', 'Email': 'alimahmo@buffalo.edu', 'Title': 'Student'}}
Shawn Malcolm Milligan:
Status code not 'OK', sleeping for 2 seconds
Status code not 'OK', sleeping for 2 seconds
Status code not 'OK', sleeping for 2 seconds
    {'shawnmil': {'Department': 'Computer Engineering', 'UBIT': 'shawnmil', 'Name': 'Shawn M Milligan', 'Email': 'shawnmil@buffalo.edu', 'Title': 'Student'}}
Joseph Alan Peacock:
Status code not 'OK', sleeping for 2 seconds
Status code not 'OK', sleeping for 2 seconds
Status code not 'OK', sleeping for 2 seconds
Status code not 'OK', sleeping for 2 seconds
    {'japeacoc': {'Department': 'Computer Engineering', 'Name': 'Joseph A Peacock', 'UBIT': 'japeacoc', 'Email': 'japeacoc@buffalo.edu', 'Title': 'Student'}}
Mitchell Rathbun:
Status code not 'OK', sleeping for 2 seconds
Status code not 'OK', sleeping for 2 seconds
Status code not 'OK', sleeping for 2 seconds
Status code not 'OK', sleeping for 2 seconds
    {'kevinrat': {'Department': 'Computer Engineering', 'Name': 'Kevin J Rathbun', 'UBIT': 'kevinrat', 'Email': 'kevinrat@buffalo.edu', 'Title': 'Student'}, 'mrathbun': {'Department': 'Computer Engineering', 'Name': 'Mitchell Rathbun', 'UBIT': 'mrathbun', 'Email': 'mrathbun@buffalo.edu', 'Title': 'Student'}}
Jacob Michael Rutowski:
Too many connections, sleeping for 6 seconds
    {'jacobrut': {'Department': 'Computer Engineering', 'Name': 'Jacob M Rutowski', 'UBIT': 'jacobrut', 'Email': 'jacobrut@buffalo.edu', 'Title': 'Student'}}
Thomas Jeremy Schouten:
Status code not 'OK', sleeping for 2 seconds
Status code not 'OK', sleeping for 2 seconds
Too many connections, sleeping for 6 seconds
    {'tjschout': {'Department': 'Computer Engineering', 'Name': 'Thomas J Schouten', 'UBIT': 'tjschout', 'Email': 'tjschout@buffalo.edu', 'Title': 'Student'}}
Robert Shannon:
Status code not 'OK', sleeping for 2 seconds
Status code not 'OK', sleeping for 2 seconds
    {'rshannon': {'Department': 'Computer Engineering', 'Name': 'Robert Shannon', 'UBIT': 'rshannon', 'Email': 'rshannon@buffalo.edu', 'Title': 'Student'}}
Kayleigh Jane Siejak:
Status code not 'OK', sleeping for 2 seconds
Status code not 'OK', sleeping for 2 seconds
Too many connections, sleeping for 6 seconds
    {'tjsiejak': {'Department': 'Computer Engineering', 'Name': 'Thomas J Siejak', 'UBIT': 'tjsiejak', 'Email': 'tjsiejak@buffalo.edu', 'Title': 'Student'}, 'kaysiej': {'Department': 'Computer Engineering', 'Name': 'Kayleigh J Siejak', 'UBIT': 'kaysiej', 'Email': 'kaysiej@buffalo.edu', 'Title': 'Student'}}
Ethan Michael Vane:
Status code not 'OK', sleeping for 2 seconds
Status code not 'OK', sleeping for 2 seconds
    {'emvane': {'Department': 'Computer Engineering', 'Name': 'Ethan M Vane', 'UBIT': 'emvane', 'Email': 'emvane@buffalo.edu', 'Title': 'Student'}}
Matthew Yves Winnick:
Status code not 'OK', sleeping for 2 seconds
Status code not 'OK', sleeping for 2 seconds
Status code not 'OK', sleeping for 2 seconds
Status code not 'OK', sleeping for 2 seconds
    {'mywinnic': {'Department': 'Computer Engineering', 'Name': 'Matthew Y Winnick', 'UBIT': 'mywinnic', 'Email': 'mywinnic@buffalo.edu', 'Title': 'Student'}}
Bao Xu:
Too many connections, sleeping for 6 seconds
    Not found
Ledong Yang:
Too many connections, sleeping for 6 seconds
    Not found
Wendy Jansson:
Status code not 'OK', sleeping for 2 seconds
Status code not 'OK', sleeping for 2 seconds
Status code not 'OK', sleeping for 2 seconds
Status code not 'OK', sleeping for 2 seconds
    {'wendyjan': {'Department': 'Computer Engineering', 'Name': 'Wendy Jansson', 'UBIT': 'wendyjan', 'Email': 'wendyjan@buffalo.edu', 'Title': 'Student'}}
Seth Michael Karas:
Status code not 'OK', sleeping for 2 seconds
Status code not 'OK', sleeping for 2 seconds
Status code not 'OK', sleeping for 2 seconds
    {'sethkara': {'Department': 'Computer Engineering', 'Name': 'Seth M Karas', 'UBIT': 'sethkara', 'Email': 'sethkara@buffalo.edu', 'Title': 'Student'}}
